blog: [2021-03-14 10:11:30] DEBUG Executing (default): CREATE TABLE IF NOT EXISTS `Contents` (`id` INTEGER NOT NULL auto_increment , `name` VARCHAR(255) NOT NULL, `title` VARCHAR(255) NOT NULL, `time` VARCHAR(255) NOT NULL, `times` VARCHAR(255) NOT NULL, `coms` VARCHAR(255), `src` VARCHAR(255) NOT NULL, `desc` TEXT NOT NULL, `read` VARCHAR(255) NOT NULL, `pLabel` LONGTEXT NOT NULL, `prev` VARCHAR(255), `prevId` VARCHAR(255), `next` VARCHAR(255), `nextId` VARCHAR(255), `createdAt` DATETIME NOT NULL, `updatedAt` DATETIME NOT NULL, PRIMARY KEY (`id`)) ENGINE=InnoDB;

blog: [2021-03-14 10:11:30] DEBUG Executing (default): SHOW FULL COLUMNS FROM `Contents`;

blog: [2021-03-14 10:11:30] DEBUG Executing (default): SELECT CONSTRAINT_NAME as constraint_name,CONSTRAINT_NAME as constraintName,CONSTRAINT_SCHEMA as constraintSchema,CONSTRAINT_SCHEMA as constraintCatalog,TABLE_NAME as tableName,TABLE_SCHEMA as tableSchema,TABLE_SCHEMA as tableCatalog,COLUMN_NAME as columnName,REFERENCED_TABLE_SCHEMA as referencedTableSchema,REFERENCED_TABLE_SCHEMA as referencedTableCatalog,REFERENCED_TABLE_NAME as referencedTableName,REFERENCED_COLUMN_NAME as referencedColumnName FROM INFORMATION_SCHEMA.KEY_COLUMN_USAGE where TABLE_NAME = 'Contents' AND CONSTRAINT_NAME!='PRIMARY' AND CONSTRAINT_SCHEMA='vueblog' AND REFERENCED_TABLE_NAME IS NOT NULL;

blog: [2021-03-14 10:11:30] DEBUG Executing (default): ALTER TABLE `Contents` CHANGE `name` `name` VARCHAR(255) NOT NULL;

blog: [2021-03-14 10:11:30] DEBUG Executing (default): ALTER TABLE `Contents` CHANGE `title` `title` VARCHAR(255) NOT NULL;

blog: [2021-03-14 10:11:30] DEBUG Executing (default): ALTER TABLE `Contents` CHANGE `time` `time` VARCHAR(255) NOT NULL;

blog: [2021-03-14 10:11:30] DEBUG Executing (default): ALTER TABLE `Contents` CHANGE `times` `times` VARCHAR(255) NOT NULL;

blog: [2021-03-14 10:11:30] DEBUG Executing (default): ALTER TABLE `Contents` CHANGE `src` `src` VARCHAR(255) NOT NULL;

blog: [2021-03-14 10:11:30] DEBUG Executing (default): ALTER TABLE `Contents` CHANGE `desc` `desc` TEXT NOT NULL;

blog: [2021-03-14 10:11:30] DEBUG Executing (default): ALTER TABLE `Contents` CHANGE `read` `read` VARCHAR(255) NOT NULL;

blog: [2021-03-14 10:11:30] DEBUG Executing (default): ALTER TABLE `Contents` CHANGE `pLabel` `pLabel` LONGTEXT NOT NULL;

blog: [2021-03-14 10:11:30] DEBUG Executing (default): ALTER TABLE `Contents` CHANGE `prev` `prev` VARCHAR(255);

blog: [2021-03-14 10:11:30] DEBUG Executing (default): ALTER TABLE `Contents` CHANGE `prevId` `prevId` VARCHAR(255);

blog: [2021-03-14 10:11:30] DEBUG Executing (default): ALTER TABLE `Contents` CHANGE `next` `next` VARCHAR(255);

blog: [2021-03-14 10:11:30] DEBUG Executing (default): ALTER TABLE `Contents` CHANGE `nextId` `nextId` VARCHAR(255);

blog: [2021-03-14 10:11:30] DEBUG Executing (default): ALTER TABLE `Contents` CHANGE `createdAt` `createdAt` DATETIME NOT NULL;

blog: [2021-03-14 10:11:30] DEBUG Executing (default): ALTER TABLE `Contents` CHANGE `updatedAt` `updatedAt` DATETIME NOT NULL;

blog: [2021-03-14 10:11:30] DEBUG Executing (default): ALTER TABLE `Contents` CHANGE `coms` `coms` VARCHAR(255);

blog: [2021-03-14 10:11:30] DEBUG Executing (default): SHOW INDEX FROM `Contents`

blog: [2021-03-14 10:11:30] DEBUG Executing (default): CREATE TABLE IF NOT EXISTS `Image` (`id` INTEGER NOT NULL auto_increment , `src` VARCHAR(255) NOT NULL, `createdAt` DATETIME NOT NULL, `updatedAt` DATETIME NOT NULL, PRIMARY KEY (`id`)) ENGINE=InnoDB;

blog: [2021-03-14 10:11:30] DEBUG Executing (default): SHOW FULL COLUMNS FROM `Image`;

blog: [2021-03-14 10:11:30] DEBUG Executing (default): SELECT CONSTRAINT_NAME as constraint_name,CONSTRAINT_NAME as constraintName,CONSTRAINT_SCHEMA as constraintSchema,CONSTRAINT_SCHEMA as constraintCatalog,TABLE_NAME as tableName,TABLE_SCHEMA as tableSchema,TABLE_SCHEMA as tableCatalog,COLUMN_NAME as columnName,REFERENCED_TABLE_SCHEMA as referencedTableSchema,REFERENCED_TABLE_SCHEMA as referencedTableCatalog,REFERENCED_TABLE_NAME as referencedTableName,REFERENCED_COLUMN_NAME as referencedColumnName FROM INFORMATION_SCHEMA.KEY_COLUMN_USAGE where TABLE_NAME = 'Image' AND CONSTRAINT_NAME!='PRIMARY' AND CONSTRAINT_SCHEMA='vueblog' AND REFERENCED_TABLE_NAME IS NOT NULL;

blog: [2021-03-14 10:11:30] DEBUG Executing (default): ALTER TABLE `Image` CHANGE `src` `src` VARCHAR(255) NOT NULL;

blog: [2021-03-14 10:11:30] DEBUG Executing (default): ALTER TABLE `Image` CHANGE `createdAt` `createdAt` DATETIME NOT NULL;

blog: [2021-03-14 10:11:30] DEBUG Executing (default): ALTER TABLE `Image` CHANGE `updatedAt` `updatedAt` DATETIME NOT NULL;

blog: [2021-03-14 10:11:30] DEBUG Executing (default): SHOW INDEX FROM `Image`

blog: [2021-03-14 10:11:30] DEBUG Executing (default): CREATE TABLE IF NOT EXISTS `LearnLists` (`id` INTEGER NOT NULL auto_increment , `title` VARCHAR(255) NOT NULL, `times` VARCHAR(255) NOT NULL, `src` VARCHAR(255) NOT NULL, `desc` TEXT NOT NULL, `coms` VARCHAR(255), `read` VARCHAR(255) NOT NULL, `prev` VARCHAR(255), `prevId` VARCHAR(255), `next` VARCHAR(255), `nextId` VARCHAR(255), `createdAt` DATETIME NOT NULL, `updatedAt` DATETIME NOT NULL, PRIMARY KEY (`id`)) ENGINE=InnoDB;

blog: [2021-03-14 10:11:30] DEBUG Executing (default): SHOW FULL COLUMNS FROM `LearnLists`;

blog: [2021-03-14 10:11:30] DEBUG Executing (default): SELECT CONSTRAINT_NAME as constraint_name,CONSTRAINT_NAME as constraintName,CONSTRAINT_SCHEMA as constraintSchema,CONSTRAINT_SCHEMA as constraintCatalog,TABLE_NAME as tableName,TABLE_SCHEMA as tableSchema,TABLE_SCHEMA as tableCatalog,COLUMN_NAME as columnName,REFERENCED_TABLE_SCHEMA as referencedTableSchema,REFERENCED_TABLE_SCHEMA as referencedTableCatalog,REFERENCED_TABLE_NAME as referencedTableName,REFERENCED_COLUMN_NAME as referencedColumnName FROM INFORMATION_SCHEMA.KEY_COLUMN_USAGE where TABLE_NAME = 'LearnLists' AND CONSTRAINT_NAME!='PRIMARY' AND CONSTRAINT_SCHEMA='vueblog' AND REFERENCED_TABLE_NAME IS NOT NULL;

blog: [2021-03-14 10:11:30] DEBUG Executing (default): ALTER TABLE `LearnLists` CHANGE `title` `title` VARCHAR(255) NOT NULL;

blog: [2021-03-14 10:11:30] DEBUG Executing (default): ALTER TABLE `LearnLists` CHANGE `times` `times` VARCHAR(255) NOT NULL;

blog: [2021-03-14 10:11:30] DEBUG Executing (default): ALTER TABLE `LearnLists` CHANGE `src` `src` VARCHAR(255) NOT NULL;

blog: [2021-03-14 10:11:30] DEBUG Executing (default): ALTER TABLE `LearnLists` CHANGE `desc` `desc` TEXT NOT NULL;

blog: [2021-03-14 10:11:30] DEBUG Executing (default): ALTER TABLE `LearnLists` CHANGE `coms` `coms` VARCHAR(255);

blog: [2021-03-14 10:11:30] DEBUG Executing (default): ALTER TABLE `LearnLists` CHANGE `read` `read` VARCHAR(255) NOT NULL;

blog: [2021-03-14 10:11:30] DEBUG Executing (default): ALTER TABLE `LearnLists` CHANGE `prev` `prev` VARCHAR(255);

blog: [2021-03-14 10:11:30] DEBUG Executing (default): ALTER TABLE `LearnLists` CHANGE `prevId` `prevId` VARCHAR(255);

blog: [2021-03-14 10:11:30] DEBUG Executing (default): ALTER TABLE `LearnLists` CHANGE `next` `next` VARCHAR(255);

blog: [2021-03-14 10:11:30] DEBUG Executing (default): ALTER TABLE `LearnLists` CHANGE `nextId` `nextId` VARCHAR(255);

blog: [2021-03-14 10:11:30] DEBUG Executing (default): ALTER TABLE `LearnLists` CHANGE `createdAt` `createdAt` DATETIME NOT NULL;

blog: [2021-03-14 10:11:30] DEBUG Executing (default): ALTER TABLE `LearnLists` CHANGE `updatedAt` `updatedAt` DATETIME NOT NULL;

blog: [2021-03-14 10:11:30] DEBUG Executing (default): SHOW INDEX FROM `LearnLists`

blog: [2021-03-14 10:12:25] DEBUG Executing (default): SELECT count(*) AS `count` FROM `Contents` AS `Contents`;

blog: [2021-03-14 10:12:25] DEBUG Executing (default): SELECT `id`, `name`, `title`, `time`, `times`, `coms`, `src`, `desc`, `read`, `pLabel`, `prev`, `prevId`, `next`, `nextId`, `createdAt`, `updatedAt` FROM `Contents` AS `Contents` LIMIT 0, 10;

blog: [2021-03-14 10:12:25] DEBUG Executing (default): SELECT count(*) AS `count` FROM `Contents` AS `Contents`;

blog: [2021-03-14 10:12:25] DEBUG Executing (default): SELECT `id`, `name`, `title`, `time`, `times`, `coms`, `src`, `desc`, `read`, `pLabel`, `prev`, `prevId`, `next`, `nextId`, `createdAt`, `updatedAt` FROM `Contents` AS `Contents` LIMIT 0, 10;

blog: [2021-03-14 10:12:27] DEBUG Executing (default): SELECT count(*) AS `count` FROM `LearnLists` AS `LearnList`;

blog: [2021-03-14 10:12:27] DEBUG Executing (default): SELECT `id`, `title`, `times`, `src`, `desc`, `coms`, `read`, `prev`, `prevId`, `next`, `nextId`, `createdAt`, `updatedAt` FROM `LearnLists` AS `LearnList` LIMIT 0, 5;

blog: [2021-03-14 10:12:27] DEBUG Executing (default): SELECT count(*) AS `count` FROM `Contents` AS `Contents`;

blog: [2021-03-14 10:12:27] DEBUG Executing (default): SELECT `id`, `name`, `title`, `time`, `times`, `coms`, `src`, `desc`, `read`, `pLabel`, `prev`, `prevId`, `next`, `nextId`, `createdAt`, `updatedAt` FROM `Contents` AS `Contents` LIMIT 0, 10;

blog: [2021-03-14 10:12:27] DEBUG Executing (default): SELECT count(*) AS `count` FROM `Contents` AS `Contents`;

blog: [2021-03-14 10:12:27] DEBUG Executing (default): SELECT `id`, `name`, `title`, `time`, `times`, `coms`, `src`, `desc`, `read`, `pLabel`, `prev`, `prevId`, `next`, `nextId`, `createdAt`, `updatedAt` FROM `Contents` AS `Contents` LIMIT 0, 10;

blog: [2021-03-14 10:12:33] DEBUG Executing (default): SELECT count(*) AS `count` FROM `Contents` AS `Contents`;

blog: [2021-03-14 10:12:33] DEBUG Executing (default): SELECT `id`, `name`, `title`, `time`, `times`, `coms`, `src`, `desc`, `read`, `pLabel`, `prev`, `prevId`, `next`, `nextId`, `createdAt`, `updatedAt` FROM `Contents` AS `Contents` LIMIT 0, 10;

blog: [2021-03-14 10:12:33] DEBUG Executing (default): SELECT count(*) AS `count` FROM `Contents` AS `Contents`;

blog: [2021-03-14 10:12:33] DEBUG Executing (default): SELECT `id`, `name`, `title`, `time`, `times`, `coms`, `src`, `desc`, `read`, `pLabel`, `prev`, `prevId`, `next`, `nextId`, `createdAt`, `updatedAt` FROM `Contents` AS `Contents` LIMIT 0, 10;

blog: [2021-03-14 10:12:34] DEBUG Executing (default): SELECT count(*) AS `count` FROM `Contents` AS `Contents`;

blog: [2021-03-14 10:12:34] DEBUG Executing (default): SELECT `id`, `name`, `title`, `time`, `times`, `coms`, `src`, `desc`, `read`, `pLabel`, `prev`, `prevId`, `next`, `nextId`, `createdAt`, `updatedAt` FROM `Contents` AS `Contents` LIMIT 0, 10;

blog: [2021-03-14 10:12:34] DEBUG Executing (default): SELECT count(*) AS `count` FROM `Contents` AS `Contents`;

blog: [2021-03-14 10:12:34] DEBUG Executing (default): SELECT `id`, `name`, `title`, `time`, `times`, `coms`, `src`, `desc`, `read`, `pLabel`, `prev`, `prevId`, `next`, `nextId`, `createdAt`, `updatedAt` FROM `Contents` AS `Contents` LIMIT 0, 10;

blog: [2021-03-14 10:12:36] DEBUG Executing (default): SELECT count(*) AS `count` FROM `Contents` AS `Contents`;

blog: [2021-03-14 10:12:36] DEBUG Executing (default): SELECT `id`, `name`, `title`, `time`, `times`, `coms`, `src`, `desc`, `read`, `pLabel`, `prev`, `prevId`, `next`, `nextId`, `createdAt`, `updatedAt` FROM `Contents` AS `Contents` LIMIT 0, 10;

blog: [2021-03-14 10:12:36] DEBUG Executing (default): SELECT count(*) AS `count` FROM `Contents` AS `Contents`;

blog: [2021-03-14 10:12:36] DEBUG Executing (default): SELECT `id`, `name`, `title`, `time`, `times`, `coms`, `src`, `desc`, `read`, `pLabel`, `prev`, `prevId`, `next`, `nextId`, `createdAt`, `updatedAt` FROM `Contents` AS `Contents` LIMIT 0, 10;

blog: [2021-03-14 10:14:23] DEBUG Executing (default): SELECT count(*) AS `count` FROM `Contents` AS `Contents`;

blog: [2021-03-14 10:14:23] DEBUG Executing (default): SELECT `id`, `name`, `title`, `time`, `times`, `coms`, `src`, `desc`, `read`, `pLabel`, `prev`, `prevId`, `next`, `nextId`, `createdAt`, `updatedAt` FROM `Contents` AS `Contents` LIMIT 0, 10;

blog: [2021-03-14 10:14:23] DEBUG Executing (default): UPDATE `Contents` SET `read`=?,`updatedAt`=? WHERE `id` = ?

blog: [2021-03-14 10:14:23] DEBUG Executing (default): UPDATE `Contents` SET `read`=?,`updatedAt`=? WHERE `id` = ?

blog: [2021-03-14 10:14:23] DEBUG Executing (default): SELECT count(*) AS `count` FROM `Contents` AS `Contents`;

blog: [2021-03-14 10:14:23] DEBUG Executing (default): SELECT `id`, `name`, `title`, `time`, `times`, `coms`, `src`, `desc`, `read`, `pLabel`, `prev`, `prevId`, `next`, `nextId`, `createdAt`, `updatedAt` FROM `Contents` AS `Contents` LIMIT 0, 10;

blog: [2021-03-14 10:14:23] DEBUG Executing (default): SELECT count(*) AS `count` FROM `Contents` AS `Contents`;

blog: [2021-03-14 10:14:23] DEBUG Executing (default): SELECT `id`, `name`, `title`, `time`, `times`, `coms`, `src`, `desc`, `read`, `pLabel`, `prev`, `prevId`, `next`, `nextId`, `createdAt`, `updatedAt` FROM `Contents` AS `Contents` LIMIT 0, 10;

blog: [2021-03-14 10:19:26] DEBUG Executing (default): SELECT count(*) AS `count` FROM `Contents` AS `Contents`;

blog: [2021-03-14 10:19:26] DEBUG Executing (default): SELECT `id`, `name`, `title`, `time`, `times`, `coms`, `src`, `desc`, `read`, `pLabel`, `prev`, `prevId`, `next`, `nextId`, `createdAt`, `updatedAt` FROM `Contents` AS `Contents` LIMIT 0, 10;

blog: [2021-03-14 10:19:26] DEBUG Executing (default): SELECT `id`, `src`, `createdAt`, `updatedAt` FROM `Image` AS `Image`;

blog: [2021-03-14 10:19:26] DEBUG Executing (default): SELECT count(*) AS `count` FROM `Contents` AS `Contents`;

blog: [2021-03-14 10:19:26] DEBUG Executing (default): SELECT `id`, `name`, `title`, `time`, `times`, `coms`, `src`, `desc`, `read`, `pLabel`, `prev`, `prevId`, `next`, `nextId`, `createdAt`, `updatedAt` FROM `Contents` AS `Contents` LIMIT 0, 10;

blog: [2021-03-14 10:19:28] DEBUG Executing (default): SELECT count(*) AS `count` FROM `Contents` AS `Contents`;

blog: [2021-03-14 10:19:28] DEBUG Executing (default): SELECT `id`, `name`, `title`, `time`, `times`, `coms`, `src`, `desc`, `read`, `pLabel`, `prev`, `prevId`, `next`, `nextId`, `createdAt`, `updatedAt` FROM `Contents` AS `Contents` LIMIT 0, 10;

blog: [2021-03-14 10:19:28] DEBUG Executing (default): SELECT count(*) AS `count` FROM `Contents` AS `Contents`;

blog: [2021-03-14 10:19:28] DEBUG Executing (default): SELECT `id`, `name`, `title`, `time`, `times`, `coms`, `src`, `desc`, `read`, `pLabel`, `prev`, `prevId`, `next`, `nextId`, `createdAt`, `updatedAt` FROM `Contents` AS `Contents` LIMIT 0, 10;

blog: [2021-03-14 10:19:31] DEBUG Executing (default): SELECT count(*) AS `count` FROM `LearnLists` AS `LearnList`;

blog: [2021-03-14 10:19:31] DEBUG Executing (default): SELECT `id`, `title`, `times`, `src`, `desc`, `coms`, `read`, `prev`, `prevId`, `next`, `nextId`, `createdAt`, `updatedAt` FROM `LearnLists` AS `LearnList` LIMIT 0, 5;

blog: [2021-03-14 10:19:31] DEBUG Executing (default): SELECT count(*) AS `count` FROM `Contents` AS `Contents`;

blog: [2021-03-14 10:19:31] DEBUG Executing (default): SELECT `id`, `name`, `title`, `time`, `times`, `coms`, `src`, `desc`, `read`, `pLabel`, `prev`, `prevId`, `next`, `nextId`, `createdAt`, `updatedAt` FROM `Contents` AS `Contents` LIMIT 0, 10;

blog: [2021-03-14 10:19:31] DEBUG Executing (default): SELECT count(*) AS `count` FROM `Contents` AS `Contents`;

blog: [2021-03-14 10:19:31] DEBUG Executing (default): SELECT `id`, `name`, `title`, `time`, `times`, `coms`, `src`, `desc`, `read`, `pLabel`, `prev`, `prevId`, `next`, `nextId`, `createdAt`, `updatedAt` FROM `Contents` AS `Contents` LIMIT 0, 10;

blog: [2021-03-14 10:19:32] DEBUG Executing (default): SELECT count(*) AS `count` FROM `Contents` AS `Contents`;

blog: [2021-03-14 10:19:32] DEBUG Executing (default): SELECT `id`, `name`, `title`, `time`, `times`, `coms`, `src`, `desc`, `read`, `pLabel`, `prev`, `prevId`, `next`, `nextId`, `createdAt`, `updatedAt` FROM `Contents` AS `Contents` LIMIT 0, 10;

blog: [2021-03-14 10:19:32] DEBUG Executing (default): SELECT count(*) AS `count` FROM `Contents` AS `Contents`;

blog: [2021-03-14 10:19:32] DEBUG Executing (default): SELECT `id`, `name`, `title`, `time`, `times`, `coms`, `src`, `desc`, `read`, `pLabel`, `prev`, `prevId`, `next`, `nextId`, `createdAt`, `updatedAt` FROM `Contents` AS `Contents` LIMIT 0, 10;

blog: [2021-03-14 10:20:21] DEBUG Executing (default): SELECT count(*) AS `count` FROM `Contents` AS `Contents`;

blog: [2021-03-14 10:20:21] DEBUG Executing (default): SELECT `id`, `name`, `title`, `time`, `times`, `coms`, `src`, `desc`, `read`, `pLabel`, `prev`, `prevId`, `next`, `nextId`, `createdAt`, `updatedAt` FROM `Contents` AS `Contents` LIMIT 0, 10;

blog: [2021-03-14 10:20:35] DEBUG Executing (default): SELECT count(*) AS `count` FROM `Contents` AS `Contents`;

blog: [2021-03-14 10:20:35] DEBUG Executing (default): SELECT `id`, `name`, `title`, `time`, `times`, `coms`, `src`, `desc`, `read`, `pLabel`, `prev`, `prevId`, `next`, `nextId`, `createdAt`, `updatedAt` FROM `Contents` AS `Contents` LIMIT 0, 10;

blog: [2021-03-14 10:21:05] DEBUG Executing (default): SELECT count(*) AS `count` FROM `Contents` AS `Contents`;

blog: [2021-03-14 10:21:05] DEBUG Executing (default): SELECT `id`, `name`, `title`, `time`, `times`, `coms`, `src`, `desc`, `read`, `pLabel`, `prev`, `prevId`, `next`, `nextId`, `createdAt`, `updatedAt` FROM `Contents` AS `Contents` LIMIT 0, 10;

blog: [2021-03-14 10:21:10] DEBUG Executing (default): SELECT count(*) AS `count` FROM `Contents` AS `Contents`;

blog: [2021-03-14 10:21:10] DEBUG Executing (default): SELECT `id`, `name`, `title`, `time`, `times`, `coms`, `src`, `desc`, `read`, `pLabel`, `prev`, `prevId`, `next`, `nextId`, `createdAt`, `updatedAt` FROM `Contents` AS `Contents` LIMIT 0, 10;

blog: [2021-03-14 10:21:10] DEBUG Executing (default): SELECT count(*) AS `count` FROM `Contents` AS `Contents`;

blog: [2021-03-14 10:21:10] DEBUG Executing (default): SELECT `id`, `name`, `title`, `time`, `times`, `coms`, `src`, `desc`, `read`, `pLabel`, `prev`, `prevId`, `next`, `nextId`, `createdAt`, `updatedAt` FROM `Contents` AS `Contents` LIMIT 0, 10;

blog: [2021-03-14 10:21:14] DEBUG Executing (default): SELECT count(*) AS `count` FROM `LearnLists` AS `LearnList`;

blog: [2021-03-14 10:21:14] DEBUG Executing (default): SELECT `id`, `title`, `times`, `src`, `desc`, `coms`, `read`, `prev`, `prevId`, `next`, `nextId`, `createdAt`, `updatedAt` FROM `LearnLists` AS `LearnList` LIMIT 0, 5;

blog: [2021-03-14 10:21:14] DEBUG Executing (default): SELECT count(*) AS `count` FROM `Contents` AS `Contents`;

blog: [2021-03-14 10:21:14] DEBUG Executing (default): SELECT `id`, `name`, `title`, `time`, `times`, `coms`, `src`, `desc`, `read`, `pLabel`, `prev`, `prevId`, `next`, `nextId`, `createdAt`, `updatedAt` FROM `Contents` AS `Contents` LIMIT 0, 10;

blog: [2021-03-14 10:21:14] DEBUG Executing (default): SELECT count(*) AS `count` FROM `Contents` AS `Contents`;

blog: [2021-03-14 10:21:14] DEBUG Executing (default): SELECT `id`, `name`, `title`, `time`, `times`, `coms`, `src`, `desc`, `read`, `pLabel`, `prev`, `prevId`, `next`, `nextId`, `createdAt`, `updatedAt` FROM `Contents` AS `Contents` LIMIT 0, 10;

blog: [2021-03-14 10:21:15] DEBUG Executing (default): SELECT count(*) AS `count` FROM `Contents` AS `Contents`;

blog: [2021-03-14 10:21:15] DEBUG Executing (default): SELECT `id`, `name`, `title`, `time`, `times`, `coms`, `src`, `desc`, `read`, `pLabel`, `prev`, `prevId`, `next`, `nextId`, `createdAt`, `updatedAt` FROM `Contents` AS `Contents` LIMIT 0, 10;

blog: [2021-03-14 10:21:15] DEBUG Executing (default): UPDATE `Contents` SET `read`=?,`updatedAt`=? WHERE `id` = ?

blog: [2021-03-14 10:21:15] DEBUG Executing (default): SELECT count(*) AS `count` FROM `Contents` AS `Contents`;

blog: [2021-03-14 10:21:15] DEBUG Executing (default): SELECT `id`, `name`, `title`, `time`, `times`, `coms`, `src`, `desc`, `read`, `pLabel`, `prev`, `prevId`, `next`, `nextId`, `createdAt`, `updatedAt` FROM `Contents` AS `Contents` LIMIT 0, 10;

blog: [2021-03-14 10:21:15] DEBUG Executing (default): SELECT count(*) AS `count` FROM `Contents` AS `Contents`;

blog: [2021-03-14 10:21:15] DEBUG Executing (default): SELECT `id`, `name`, `title`, `time`, `times`, `coms`, `src`, `desc`, `read`, `pLabel`, `prev`, `prevId`, `next`, `nextId`, `createdAt`, `updatedAt` FROM `Contents` AS `Contents` LIMIT 0, 10;

blog: [2021-03-14 10:21:28] DEBUG Executing (default): SELECT count(*) AS `count` FROM `Contents` AS `Contents`;

blog: [2021-03-14 10:21:28] DEBUG Executing (default): SELECT `id`, `name`, `title`, `time`, `times`, `coms`, `src`, `desc`, `read`, `pLabel`, `prev`, `prevId`, `next`, `nextId`, `createdAt`, `updatedAt` FROM `Contents` AS `Contents` LIMIT 0, 10;

blog: [2021-03-14 10:21:28] DEBUG Executing (default): SELECT count(*) AS `count` FROM `Contents` AS `Contents`;

blog: [2021-03-14 10:21:28] DEBUG Executing (default): SELECT `id`, `name`, `title`, `time`, `times`, `coms`, `src`, `desc`, `read`, `pLabel`, `prev`, `prevId`, `next`, `nextId`, `createdAt`, `updatedAt` FROM `Contents` AS `Contents` LIMIT 0, 10;

blog: [2021-03-14 10:21:30] DEBUG Executing (default): SELECT count(*) AS `count` FROM `Contents` AS `Contents`;

blog: [2021-03-14 10:21:30] DEBUG Executing (default): SELECT `id`, `name`, `title`, `time`, `times`, `coms`, `src`, `desc`, `read`, `pLabel`, `prev`, `prevId`, `next`, `nextId`, `createdAt`, `updatedAt` FROM `Contents` AS `Contents` LIMIT 0, 10;

blog: [2021-03-14 10:21:30] DEBUG Executing (default): SELECT count(*) AS `count` FROM `Contents` AS `Contents`;

blog: [2021-03-14 10:21:30] DEBUG Executing (default): SELECT `id`, `name`, `title`, `time`, `times`, `coms`, `src`, `desc`, `read`, `pLabel`, `prev`, `prevId`, `next`, `nextId`, `createdAt`, `updatedAt` FROM `Contents` AS `Contents` LIMIT 0, 10;

blog: [2021-03-14 10:21:33] DEBUG Executing (default): SELECT count(*) AS `count` FROM `Contents` AS `Contents`;

blog: [2021-03-14 10:21:33] DEBUG Executing (default): SELECT `id`, `name`, `title`, `time`, `times`, `coms`, `src`, `desc`, `read`, `pLabel`, `prev`, `prevId`, `next`, `nextId`, `createdAt`, `updatedAt` FROM `Contents` AS `Contents` LIMIT 0, 10;

blog: [2021-03-14 10:21:33] DEBUG Executing (default): SELECT count(*) AS `count` FROM `Contents` AS `Contents`;

blog: [2021-03-14 10:21:33] DEBUG Executing (default): SELECT `id`, `name`, `title`, `time`, `times`, `coms`, `src`, `desc`, `read`, `pLabel`, `prev`, `prevId`, `next`, `nextId`, `createdAt`, `updatedAt` FROM `Contents` AS `Contents` LIMIT 0, 10;

blog: [2021-03-14 10:21:40] DEBUG Executing (default): SELECT count(*) AS `count` FROM `Contents` AS `Contents`;

blog: [2021-03-14 10:21:40] DEBUG Executing (default): SELECT `id`, `name`, `title`, `time`, `times`, `coms`, `src`, `desc`, `read`, `pLabel`, `prev`, `prevId`, `next`, `nextId`, `createdAt`, `updatedAt` FROM `Contents` AS `Contents` LIMIT 0, 10;

blog: [2021-03-14 10:21:47] DEBUG Executing (default): SELECT count(*) AS `count` FROM `Contents` AS `Contents`;

blog: [2021-03-14 10:21:47] DEBUG Executing (default): SELECT `id`, `name`, `title`, `time`, `times`, `coms`, `src`, `desc`, `read`, `pLabel`, `prev`, `prevId`, `next`, `nextId`, `createdAt`, `updatedAt` FROM `Contents` AS `Contents` LIMIT 0, 10;

blog: [2021-03-14 10:21:47] DEBUG Executing (default): UPDATE `Contents` SET `read`=?,`updatedAt`=? WHERE `id` = ?

blog: [2021-03-14 10:21:47] DEBUG Executing (default): UPDATE `Contents` SET `read`=?,`updatedAt`=? WHERE `id` = ?

blog: [2021-03-14 10:21:47] DEBUG Executing (default): SELECT count(*) AS `count` FROM `Contents` AS `Contents`;

blog: [2021-03-14 10:21:47] DEBUG Executing (default): SELECT `id`, `name`, `title`, `time`, `times`, `coms`, `src`, `desc`, `read`, `pLabel`, `prev`, `prevId`, `next`, `nextId`, `createdAt`, `updatedAt` FROM `Contents` AS `Contents` LIMIT 0, 10;

blog: [2021-03-14 10:21:47] DEBUG Executing (default): SELECT count(*) AS `count` FROM `Contents` AS `Contents`;

blog: [2021-03-14 10:21:47] DEBUG Executing (default): SELECT `id`, `name`, `title`, `time`, `times`, `coms`, `src`, `desc`, `read`, `pLabel`, `prev`, `prevId`, `next`, `nextId`, `createdAt`, `updatedAt` FROM `Contents` AS `Contents` LIMIT 0, 10;

blog: [2021-03-14 10:21:53] DEBUG Executing (default): SELECT count(*) AS `count` FROM `Contents` AS `Contents`;

blog: [2021-03-14 10:21:53] DEBUG Executing (default): SELECT `id`, `name`, `title`, `time`, `times`, `coms`, `src`, `desc`, `read`, `pLabel`, `prev`, `prevId`, `next`, `nextId`, `createdAt`, `updatedAt` FROM `Contents` AS `Contents` LIMIT 0, 10;

blog: [2021-03-14 10:21:53] DEBUG Executing (default): UPDATE `Contents` SET `read`=?,`updatedAt`=? WHERE `id` = ?

blog: [2021-03-14 10:21:53] DEBUG Executing (default): UPDATE `Contents` SET `read`=?,`updatedAt`=? WHERE `id` = ?

blog: [2021-03-14 10:21:53] DEBUG Executing (default): SELECT count(*) AS `count` FROM `Contents` AS `Contents`;

blog: [2021-03-14 10:21:53] DEBUG Executing (default): SELECT `id`, `name`, `title`, `time`, `times`, `coms`, `src`, `desc`, `read`, `pLabel`, `prev`, `prevId`, `next`, `nextId`, `createdAt`, `updatedAt` FROM `Contents` AS `Contents` LIMIT 0, 10;

blog: [2021-03-14 10:21:55] DEBUG Executing (default): SELECT count(*) AS `count` FROM `Contents` AS `Contents`;

blog: [2021-03-14 10:21:55] DEBUG Executing (default): SELECT `id`, `name`, `title`, `time`, `times`, `coms`, `src`, `desc`, `read`, `pLabel`, `prev`, `prevId`, `next`, `nextId`, `createdAt`, `updatedAt` FROM `Contents` AS `Contents` LIMIT 0, 10;

blog: [2021-03-14 10:21:55] DEBUG Executing (default): SELECT count(*) AS `count` FROM `Contents` AS `Contents`;

blog: [2021-03-14 10:21:55] DEBUG Executing (default): SELECT `id`, `name`, `title`, `time`, `times`, `coms`, `src`, `desc`, `read`, `pLabel`, `prev`, `prevId`, `next`, `nextId`, `createdAt`, `updatedAt` FROM `Contents` AS `Contents` LIMIT 0, 10;

blog: [2021-03-14 10:23:12] DEBUG Executing (default): SELECT count(*) AS `count` FROM `Contents` AS `Contents`;

blog: [2021-03-14 10:23:12] DEBUG Executing (default): SELECT `id`, `name`, `title`, `time`, `times`, `coms`, `src`, `desc`, `read`, `pLabel`, `prev`, `prevId`, `next`, `nextId`, `createdAt`, `updatedAt` FROM `Contents` AS `Contents` LIMIT 0, 10;

blog: [2021-03-14 20:44:09] DEBUG Executing (default): SELECT count(*) AS `count` FROM `Contents` AS `Contents`;

blog: [2021-03-14 20:44:09] DEBUG Executing (default): SELECT `id`, `name`, `title`, `time`, `times`, `coms`, `src`, `desc`, `read`, `pLabel`, `prev`, `prevId`, `next`, `nextId`, `createdAt`, `updatedAt` FROM `Contents` AS `Contents` LIMIT 0, 10;

blog: [2021-03-14 20:44:09] DEBUG Executing (default): SELECT count(*) AS `count` FROM `Contents` AS `Contents`;

blog: [2021-03-14 20:44:09] DEBUG Executing (default): SELECT `id`, `name`, `title`, `time`, `times`, `coms`, `src`, `desc`, `read`, `pLabel`, `prev`, `prevId`, `next`, `nextId`, `createdAt`, `updatedAt` FROM `Contents` AS `Contents` LIMIT 0, 10;

